0 info it worked if it ends with ok
1 verbose cli [ '/Users/Veena/.nvm/versions/node/v6.2.1/bin/node',
1 verbose cli   '/Users/Veena/.nvm/versions/node/v6.2.1/bin/npm',
1 verbose cli   'run',
1 verbose cli   'build' ]
2 info using npm@3.9.3
3 info using node@v6.2.1
4 verbose run-script [ 'prebuild', 'build', 'postbuild' ]
5 info lifecycle pinterest-style-image-board@1.0.0~prebuild: pinterest-style-image-board@1.0.0
6 silly lifecycle pinterest-style-image-board@1.0.0~prebuild: no script for prebuild, continuing
7 info lifecycle pinterest-style-image-board@1.0.0~build: pinterest-style-image-board@1.0.0
8 verbose lifecycle pinterest-style-image-board@1.0.0~build: unsafe-perm in lifecycle true
9 verbose lifecycle pinterest-style-image-board@1.0.0~build: PATH: /Users/Veena/.nvm/versions/node/v6.2.1/lib/node_modules/npm/bin/node-gyp-bin:/Users/Veena/Desktop/Projects/pinterest-style-image-board/node_modules/.bin:/Users/Veena/.nvm/versions/node/v6.2.1/bin:/Users/Veena/.nvm/versions/node/v6.2.1/bin:/Library/Frameworks/Python.framework/Versions/3.4/bin:/Applications/Postgres.app/Contents/Versions/9.5/bin:/usr/local/bin:/usr/bin:/bin:/usr/sbin:/sbin:/opt/X11/bin
10 verbose lifecycle pinterest-style-image-board@1.0.0~build: CWD: /Users/Veena/Desktop/Projects/pinterest-style-image-board
11 silly lifecycle pinterest-style-image-board@1.0.0~build: Args: [ '-c', 'webpack -p' ]
12 silly lifecycle pinterest-style-image-board@1.0.0~build: Returned: code: 1  signal: null
13 info lifecycle pinterest-style-image-board@1.0.0~build: Failed to exec build script
14 verbose stack Error: pinterest-style-image-board@1.0.0 build: `webpack -p`
14 verbose stack Exit status 1
14 verbose stack     at EventEmitter.<anonymous> (/Users/Veena/.nvm/versions/node/v6.2.1/lib/node_modules/npm/lib/utils/lifecycle.js:245:16)
14 verbose stack     at emitTwo (events.js:106:13)
14 verbose stack     at EventEmitter.emit (events.js:191:7)
14 verbose stack     at ChildProcess.<anonymous> (/Users/Veena/.nvm/versions/node/v6.2.1/lib/node_modules/npm/lib/utils/spawn.js:24:14)
14 verbose stack     at emitTwo (events.js:106:13)
14 verbose stack     at ChildProcess.emit (events.js:191:7)
14 verbose stack     at maybeClose (internal/child_process.js:852:16)
14 verbose stack     at Process.ChildProcess._handle.onexit (internal/child_process.js:215:5)
15 verbose pkgid pinterest-style-image-board@1.0.0
16 verbose cwd /Users/Veena/Desktop/Projects/pinterest-style-image-board
17 error Darwin 14.1.1
18 error argv "/Users/Veena/.nvm/versions/node/v6.2.1/bin/node" "/Users/Veena/.nvm/versions/node/v6.2.1/bin/npm" "run" "build"
19 error node v6.2.1
20 error npm  v3.9.3
21 error code ELIFECYCLE
22 error pinterest-style-image-board@1.0.0 build: `webpack -p`
22 error Exit status 1
23 error Failed at the pinterest-style-image-board@1.0.0 build script 'webpack -p'.
23 error Make sure you have the latest version of node.js and npm installed.
23 error If you do, this is most likely a problem with the pinterest-style-image-board package,
23 error not with npm itself.
23 error Tell the author that this fails on your system:
23 error     webpack -p
23 error You can get information on how to open an issue for this project with:
23 error     npm bugs pinterest-style-image-board
23 error Or if that isn't available, you can get their info via:
23 error     npm owner ls pinterest-style-image-board
23 error There is likely additional logging output above.
24 verbose exit [ 1, true ]
